This is pdfTeX, Version 3.1415926-2.5-1.40.14 (TeX Live 2013) (format=pdflatex 2014.2.12)  8 JUL 2015 21:17
entering extended mode
 restricted \write18 enabled.
 %&-line parsing enabled.
**../Paper2/deconv.tex
(../Paper2/deconv.tex
LaTeX2e <2011/06/27>
Babel <3.9h> and hyphenation patterns for 78 languages loaded.

! LaTeX Error: File `header.tex' not found.

Type X to quit or <RETURN> to proceed,
or enter new name. (Default extension: tex)

Enter file name: 
! Emergency stop.
<read *> 
         
l.1 \input{header}
                  ^^M
End of file on the terminal!

 
Here is how much of TeX's memory you used:
 7 strings out of 493308
 156 string characters out of 6137822
 52419 words of memory out of 5000000
 3564 multiletter control sequences out of 15000+600000
 3640 words of font info for 14 fonts, out of 8000000 for 9000
 957 hyphenation exceptions out of 8191
 5i,0n,3p,37b,8s stack positions out of 5000i,500n,10000p,200000b,80000s
!  ==> Fatal error occurred, no output PDF file produced!
